Archivo: C:\Users\wachi\OneDrive\Escritorio\AUTOMATAS\Semantica\prueba.cpp
Fecha: 09/10/2022 15:39:13
altura 2 
i = altura = 5

i 0 
j = 0 = 0

j altura i - j 2 i 0 
j = 0 = 0

j altura i - j 2 j altura i - j 2 i 0 
j = 0 = 0

j altura i - j 2 j altura i - j 2 j altura i - j 2 i 0 
j = 0 = 0

j altura i - j 2 j altura i - j 2 j altura i - j 2 j altura i - j 2 i 0 
j = 0 = 0

j altura i - j 2 j altura i - j 2 j altura i - j 2 j altura i - j 2 j altura i - j 2 i 0 
j = 0 = 0

j altura i - j 2 1 1 2 2 
a = 256 = 256

a 
y = a = 0

y 
j = 0 = 0

j altura 1 - j 2 j altura 1 - j 2 j altura 1 - j 2 j altura 1 - j 2 j altura 1 - j 2 
i = 0 = 0

i altura i i altura i i altura i i altura i i altura i i altura i 
y = a = 256


Eror de semantica en la linea 57: No podemos asignar un <Int> a un <Char>
